{
  "RSpec": {
    "coverage": {
      "/Users/ajpulzone/Turing/mod_3/lunch_and_learn/app/facades/countries_facade.rb": {
        "lines": [
          1,
          null,
          1,
          2,
          2,
          500,
          null,
          null,
          null,
          1,
          1,
          null,
          null
        ]
      },
      "/Users/ajpulzone/Turing/mod_3/lunch_and_learn/app/facades/recipes_facade.rb": {
        "lines": [
          1,
          null,
          1,
          1,
          1,
          20,
          null,
          null,
          null
        ]
      },
      "/Users/ajpulzone/Turing/mod_3/lunch_and_learn/app/models/application_record.rb": {
        "lines": [
          0,
          0,
          0
        ],
        "branches": {
        }
      },
      "/Users/ajpulzone/Turing/mod_3/lunch_and_learn/app/controllers/application_controller.rb": {
        "lines": [
          0,
          0
        ],
        "branches": {
        }
      },
      "/Users/ajpulzone/Turing/mod_3/lunch_and_learn/app/controllers/api/v1/country_recipe_controller.rb": {
        "lines": [

        ],
        "branches": {
        }
      }
    },
    "timestamp": 1673823268
  }
}
