{
  "RSpec": {
    "coverage": {
      "/Users/ajpulzone/Turing/mod_3/lunch_and_learn/app/controllers/api/v1/recipes_controller.rb": {
        "lines": [
          1,
          null,
          1,
          1,
          1,
          1,
          0,
          0,
          null,
          0,
          0,
          0,
          null,
          null,
          null
        ]
      },
      "/Users/ajpulzone/Turing/mod_3/lunch_and_learn/app/controllers/application_controller.rb": {
        "lines": [
          1,
          null
        ]
      },
      "/Users/ajpulzone/Turing/mod_3/lunch_and_learn/app/facades/countries_facade.rb": {
        "lines": [
          1,
          null,
          1,
          0,
          0,
          0,
          null,
          null,
          null,
          1,
          2,
          1,
          null,
          null,
          1,
          0,
          null,
          null
        ]
      },
      "/Users/ajpulzone/Turing/mod_3/lunch_and_learn/app/facades/country_recipes_facade.rb": {
        "lines": [
          1,
          null,
          1,
          1,
          1,
          0,
          0,
          0,
          null,
          null,
          0,
          0,
          0,
          0,
          0,
          null,
          null,
          null,
          null
        ]
      },
      "/Users/ajpulzone/Turing/mod_3/lunch_and_learn/app/serializer/recipe_serializer.rb": {
        "lines": [
          0,
          0,
          null,
          0,
          0,
          0
        ],
        "branches": {
        }
      },
      "/Users/ajpulzone/Turing/mod_3/lunch_and_learn/app/models/application_record.rb": {
        "lines": [
          0,
          0,
          0
        ],
        "branches": {
        }
      },
      "/Users/ajpulzone/Turing/mod_3/lunch_and_learn/app/facades/recipes_facade.rb": {
        "lines": [
          0,
          null,
          0,
          0,
          0,
          0,
          0,
          0,
          0
        ],
        "branches": {
        }
      }
    },
    "timestamp": 1673840326
  }
}
